make all --print-data-base --no-builtin-variables --no-builtin-rules --question
# GNU Make 4.3
# Built for x86_64-pc-linux-gnu
# Copyright (C) 1988-2020 Free Software Foundation, Inc.
# License GPLv3+: GNU GPL version 3 or later <http://gnu.org/licenses/gpl.html>
# This is free software: you are free to change and redistribute it.
# There is NO WARRANTY, to the extent permitted by law.

# Make data base, printed on Sun Nov  7 21:49:22 2021

# Variables

# environment
GDK_BACKEND = x11
# environment
LC_ALL = C
# environment
NO_AT_BRIDGE = 1
# environment
GTK_RC_FILES = /etc/gtk/gtkrc:/home/willykid/.gtkrc:/home/willykid/.config/gtkrc
# environment
VSCODE_IPC_HOOK_EXTHOST = /run/user/1000/vscode-ipc-bc24e104-dcba-4db7-8b1c-bfeea43f5956.sock
# environment
LC_NAME = en_US.UTF-8
# environment
LC_NUMERIC = en_US.UTF-8
# environment
VSCODE_CWD = /home/willykid
# environment
LESS_TERMCAP_me = [0m
# environment
LC_ADDRESS = en_US.UTF-8
# default
MAKE_COMMAND := make
# environment
GTK3_MODULES = xapp-gtk3-module
# automatic
@D = $(patsubst %/,%,$(dir $@))
# environment
GDK_DPI_SCALE = 0.5
# environment
VSCODE_HANDLES_UNCAUGHT_ERRORS = true
# default
.VARIABLES := 
# environment
PWD = /home/willykid/Documents/VE482/hw5/ex3
# automatic
%D = $(patsubst %/,%,$(dir $%))
# environment
MAIL = /var/spool/mail/willykid
# environment
XDG_DATA_DIRS = /home/willykid/.local/share/flatpak/exports/share:/var/lib/flatpak/exports/share:/usr/local/share:/usr/share:/var/lib/snapd/desktop
# environment
OLDPWD = /home/willykid
# automatic
^D = $(patsubst %/,%,$(dir $^))
# environment
VSCODE_LOG_STACK = false
# automatic
%F = $(notdir $%)
# environment
VSCODE_CODE_CACHE_PATH = /home/willykid/.config/Code/CachedData/b3318bc0524af3d74034b8bb8a64df0ccf35549a
# environment
XDG_SESSION_PATH = /org/freedesktop/DisplayManager/Session2
# environment
LANG = C
# environment
XAUTHORITY = /home/willykid/.Xauthority
# default
.LOADED := 
# environment
LESS_TERMCAP_md = [01;32m
# default
.INCLUDE_DIRS = /usr/include /usr/local/include /usr/include
# makefile
MAKEFLAGS = pqrR
# environment
LESS_TERMCAP_so = [01;47;34m
# makefile
CURDIR := /home/willykid/Documents/VE482/hw5/ex3
# environment
VSCODE_PIPE_LOGGING = true
# environment
APPLICATION_INSIGHTS_NO_DIAGNOSTIC_CHANNEL = true
# automatic
*D = $(patsubst %/,%,$(dir $*))
# environment
LESS_TERMCAP_ue = [0m
# environment
PAM_KWALLET5_LOGIN = /run/user/1000/kwallet5.socket
# environment
MFLAGS = -pqrR
# default
.SHELLFLAGS := -c
# environment
QT_LINUX_ACCESSIBILITY_ALWAYS_ON = 1
# environment
XDG_CONFIG_DIRS = /home/willykid/.config/kdedefaults:/etc/xdg
# automatic
+D = $(patsubst %/,%,$(dir $+))
# environment
P9K_SSH = 0
# environment
XCURSOR_THEME = breeze_cursors
# environment
XDG_SESSION_DESKTOP = KDE
# environment
VSCODE_CRASH_REPORTER_START_OPTIONS = {"companyName":"Microsoft","productName":"VSCode","submitURL":"appcenter://code?aid=fba07a4d-84bd-4fc8-a125-9640fc8ce171&uid=9723b9c2-725f-4064-86d4-d033672212ad&iid=9723b9c2-725f-4064-86d4-d033672212ad&sid=9723b9c2-725f-4064-86d4-d033672212ad","uploadToServer":true}
# makefile (from 'Makefile', line 1)
MAKEFILE_LIST := Makefile
# automatic
@F = $(notdir $@)
# environment
VSCODE_VERBOSE_LOGGING = true
# environment
VSCODE_PID = 7209
# environment
XDG_SESSION_TYPE = x11
# automatic
?D = $(patsubst %/,%,$(dir $?))
# environment
SESSION_MANAGER = local/weili-XPS15:@/tmp/.ICE-unix/1308,unix/weili-XPS15:/tmp/.ICE-unix/1308
# automatic
*F = $(notdir $*)
# environment
CHROME_DESKTOP = code-url-handler.desktop
# environment
DBUS_SESSION_BUS_ADDRESS = unix:path=/run/user/1000/bus
# automatic
<D = $(patsubst %/,%,$(dir $<))
# environment
VSCODE_NLS_CONFIG = {"locale":"en-us","availableLanguages":{},"_languagePackSupport":true}
# environment
BREAKPAD_DUMP_LOCATION = /home/willykid/.config/Code/exthost Crash Reports
# default
MAKE_HOST := x86_64-pc-linux-gnu
# environment
SDL_IM_MODULE = fcitx
# makefile
SHELL = /bin/sh
# environment
LESS_TERMCAP_us = [01;36m
# default
MAKECMDGOALS := all
# environment
XMODIFIERS = @im=fcitx
# environment
DOTNET_BUNDLE_EXTRACT_BASE_DIR = /home/willykid/.cache/dotnet_bundle_extract
# environment
SHLVL = 0
# environment
MAKELEVEL := 0
# default
MAKE = $(MAKE_COMMAND)
# environment
PATH = /home/willykid/.local/bin:/home/willykid/.local/bin:/usr/local/sbin:/usr/local/bin:/usr/bin:/home/willykid/.dotnet/tools:/usr/bin/site_perl:/usr/bin/vendor_perl:/usr/bin/core_perl:/var/lib/snapd/snap/bin
# environment
LESS_TERMCAP_se = [0m
# default
MAKEFILES := 
# environment
LC_MONETARY = en_US.UTF-8
# environment
MOTD_SHOWN = pam
# automatic
^F = $(notdir $^)
# environment
LC_TIME = en_US.UTF-8
# environment
LESS_TERMCAP_mb = [01;32m
# makefile (from 'Makefile', line 6)
MAIN_SRC = banker.cpp
# makefile (from 'Makefile', line 5)
MAIN = banker
# environment
VSCODE_LOG_NATIVE = false
# environment
LC_TELEPHONE = en_US.UTF-8
# environment
GDK_SCALE = 2
# automatic
?F = $(notdir $?)
# environment
KDE_APPLICATIONS_AS_SCOPE = 1
# environment
XDG_SEAT = seat0
# environment
GTK_IM_MODULE = fcitx
# environment
XDG_CURRENT_DESKTOP = KDE
# automatic
+F = $(notdir $+)
# environment
XDG_SEAT_PATH = /org/freedesktop/DisplayManager/Seat0
# environment
LESS = -R
# environment
DESKTOP_SESSION = plasma
# environment
ORIGINAL_XDG_CURRENT_DESKTOP = KDE
# 'override' directive
GNUMAKEFLAGS := 
# environment
BROWSER = /usr/bin/firefox
# environment
QT_SCREEN_SCALE_FACTORS = eDP-1-1=2.5;DP-1-1=2.5;DP-1-2=2.5;DP-1-3=2.5;
# environment
LOGNAME = willykid
# environment
XDG_VTNR = 1
# makefile (from 'Makefile', line 1)
.DEFAULT_GOAL := all
# environment
SYSTEMD_EXEC_PID = 1201
# environment
EDITOR = /usr/bin/nano
# environment
DISPLAY = :0
# environment
GTK_MODULES = canberra-gtk-module
# environment
USER = willykid
# default
MAKE_VERSION := 4.3
# environment
KDE_SESSION_UID = 1000
# environment
LC_MEASUREMENT = en_US.UTF-8
# environment
_ = /usr/bin/make
# environment
LC_PAPER = en_US.UTF-8
# environment
XDG_RUNTIME_DIR = /run/user/1000
# makefile (from 'Makefile', line 4)
CFLAGS = -O2 -Wall -Wextra -Werror -pedantic -Wno-unused-result -Wconversion -Wvla
# environment
XDG_SESSION_CLASS = user
# environment
VSCODE_AMD_ENTRYPOINT = vs/workbench/services/extensions/node/extensionHostProcess
# environment
GTK2_RC_FILES = /etc/gtk-2.0/gtkrc:/home/willykid/.gtkrc-2.0:/home/willykid/.config/gtkrc-2.0
# environment
HOME = /home/willykid
# environment
QT_IM_MODULE = fcitx
# environment
ELECTRON_RUN_AS_NODE = 1
# environment
VSCODE_IPC_HOOK = /run/user/1000/vscode-38dff5ed-1.62.0-main.sock
# environment
XDG_SESSION_ID = 2
# environment
XCURSOR_SIZE = 48
# default
.RECIPEPREFIX := 
# automatic
<F = $(notdir $<)
# default
SUFFIXES := 
# environment
QT_AUTO_SCREEN_SCALE_FACTOR = 0
# environment
KDE_SESSION_VERSION = 5
# default
.FEATURES := target-specific order-only second-expansion else-if shortest-stem undefine oneshell nocomment grouped-target extra-prereqs archives jobserver output-sync check-symlink guile load
# makefile (from 'Makefile', line 3)
CC = clang++
# environment
KDE_FULL_SESSION = true
# environment
DOTNET_ROOT = /usr/share/dotnet
# environment
PKGFILE_PROMPT_INSTALL_MISSING = 1
# environment
LC_IDENTIFICATION = en_US.UTF-8
# variable set hash-table stats:
# Load=132/1024=13%, Rehash=0, Collisions=14/172=8%

# Pattern-specific Variable Values

# No pattern-specific variable values.

# Directories

# . (device 66313, inode 3546236): 6 files, no impossibilities.

# 6 files, no impossibilities in 1 directories.

# Implicit Rules

# No implicit rules.

# Files

# Not a target:
Makefile:
 
#  Implicit rule search has been done.
#  Last modified 2021-11-07 19:12:01.395503192
#  File has been updated.
#  Successfully updated.

clean:
#  Phony target (prerequisite of .PHONY).
#  Implicit rule search has not been done.
#  File does not exist.
#  File has not been updated.
#  recipe to execute (from 'Makefile', line 16):
	rm $(MAIN) *.o main

# Not a target:
.DEFAULT:
#  Implicit rule search has not been done.
#  Modification time never checked.
#  File has not been updated.

all: banker
#  Command line target.
#  Implicit rule search has not been done.
#  File does not exist.
#  File has been updated.
#  Needs to be updated (-q is set).
# variable set hash-table stats:
# Load=0/32=0%, Rehash=0, Collisions=0/7=0%
#  recipe to execute (from 'Makefile', line 10):
	@echo "banker successfully constructed"

# Not a target:
banker.cpp:
#  Implicit rule search has been done.
#  Last modified 2021-11-07 19:30:29.698689986
#  File has been updated.
#  Successfully updated.

banker: banker.cpp
#  Implicit rule search has not been done.
#  Implicit/static pattern stem: ''
#  File does not exist.
#  File has been updated.
#  Needs to be updated (-q is set).
# automatic
# @ := banker
# automatic
# * := 
# automatic
# < := banker.cpp
# automatic
# + := banker.cpp
# automatic
# % := 
# automatic
# ^ := banker.cpp
# automatic
# ? := banker.cpp
# automatic
# | := 
# variable set hash-table stats:
# Load=8/32=25%, Rehash=0, Collisions=4/15=27%
#  recipe to execute (from 'Makefile', line 13):
	$(CC) $(CFLAGS) -o $(MAIN) $(MAIN_SRC)

# Not a target:
.SUFFIXES:
#  Implicit rule search has not been done.
#  Modification time never checked.
#  File has not been updated.

.PHONY: clean
#  Implicit rule search has not been done.
#  Modification time never checked.
#  File has not been updated.

# files hash-table stats:
# Load=8/1024=1%, Rehash=0, Collisions=0/25=0%
# VPATH Search Paths

# No 'vpath' search paths.

# No general ('VPATH' variable) search path.

# strcache buffers: 1 (0) / strings = 14 / storage = 118 B / avg = 8 B
# current buf: size = 8162 B / used = 118 B / count = 14 / avg = 8 B

# strcache performance: lookups = 27 / hit rate = 48%
# hash-table stats:
# Load=14/8192=0%, Rehash=0, Collisions=0/27=0%
# Finished Make data base on Sun Nov  7 21:49:22 2021

 
